INFO,27/06/2022 16,20,23.07,Entering getNotificationDetail(),clOrdID,1178161920059,,
INFO,27/06/2022 16,20,23.078,Notification Message,[WHEAT`**04183413`20.0 MT`10.0 RS/QUINTALS,KISAN8,Quote,131]
INFO,27/06/2022 16,20,23.079,Response from getNotificationDetail,[Quote,USER,KISAN8 WHEAT,**04183413`20.0 MT`10.0 RS/QUINTALS
INFO,27/06/2022 16,20,23.079,Exiting getNotificationDetail(),clOrdID,1178161920059,,
INFO,27/06/2022 16,20,23.079,Entering NotificationDaoImpl --->  InsertIntoNotiTracker,clOrdID,1178161920059,,
INFO,27/06/2022 16,20,23.084,Insertion successful in NOTIFICATION_TRACKER,,,,
INFO,27/06/2022 16,20,23.084,Entering InsertIntoNotiTracker,clOrdID,1178161920059,,
INFO,27/06/2022 16,23,29.88,Entering getNotificationDetail(),clOrdID,1.12706222742182E+019,,
INFO,27/06/2022 16,23,29.886,Notification Message,[**04225816`MASOOR`100.0 MT`100.0 RS/QUINTAL,PVTM_MASOOR,Offer,121]
INFO,27/06/2022 16,23,29.886,Response from getNotificationDetail,[Offer,TOPIC,PVTM_MASOOR,**04225816`MASOOR`100.0 MT`100.0 RS/QUINTAL
INFO,27/06/2022 16,23,29.886,Exiting getNotificationDetail(),clOrdID,1.12706222742182E+019,,
INFO,27/06/2022 16,23,29.887,Entering NotificationDaoImpl --->  InsertIntoNotiTracker,clOrdID,1.12706222742182E+019,,
INFO,27/06/2022 16,23,29.894,Insertion successful in NOTIFICATION_TRACKER,,,,
INFO,27/06/2022 16,23,29.894,Entering InsertIntoNotiTracker,clOrdID,1.12706222742182E+019,,
INFO,27/06/2022 16,23,55.403,Entering getNotificationDetail(),clOrdID,1.12706222738628E+019,,
INFO,27/06/2022 16,23,55.405,Notification Message,[**04233317`MASOOR`100.0 MT`100.0 RS/QUINTAL,PVTM_MASOOR,Offer,121]
INFO,27/06/2022 16,23,55.405,Response from getNotificationDetail,[Offer,TOPIC,PVTM_MASOOR,**04233317`MASOOR`100.0 MT`100.0 RS/QUINTAL
INFO,27/06/2022 16,23,55.405,Exiting getNotificationDetail(),clOrdID,1.12706222738628E+019,,
INFO,27/06/2022 16,23,55.406,Entering NotificationDaoImpl --->  InsertIntoNotiTracker,clOrdID,1.12706222738628E+019,,
INFO,27/06/2022 16,23,55.421,Insertion successful in NOTIFICATION_TRACKER,,,,
INFO,27/06/2022 16,23,55.421,Entering InsertIntoNotiTracker,clOrdID,1.12706222738628E+019,,
INFO,27/06/2022 16,24,29.409,Entering getNotificationDetail(),clOrdID,1.12706222736223E+019,,
INFO,27/06/2022 16,24,29.412,Notification Message,[**04235718`MASOOR`100.0 MT`100.0 RS/QUINTAL,PVTM_MASOOR,Offer,121]
INFO,27/06/2022 16,24,29.412,Response from getNotificationDetail,[Offer,TOPIC,PVTM_MASOOR,**04235718`MASOOR`100.0 MT`100.0 RS/QUINTAL
INFO,27/06/2022 16,24,29.412,Exiting getNotificationDetail(),clOrdID,1.12706222736223E+019,,
INFO,27/06/2022 16,24,29.414,Entering NotificationDaoImpl --->  InsertIntoNotiTracker,clOrdID,1.12706222736223E+019,,
INFO,27/06/2022 16,24,29.451,Insertion successful in NOTIFICATION_TRACKER,,,,
INFO,27/06/2022 16,24,29.451,Entering InsertIntoNotiTracker,clOrdID,1.12706222736223E+019,,
INFO,27/06/2022 16,24,33.76,Entering getNotificationDetail(),clOrdID,1.12706222733836E+019,,
INFO,27/06/2022 16,24,33.761,Notification Message,[**04242111`WHEAT`10.0 MT`10.0 RS/QUINTALS,NMS_WHEAT,Offer,121]
INFO,27/06/2022 16,24,33.761,Response from getNotificationDetail,[Offer,TOPIC,NMS_WHEAT,**04242111`WHEAT`10.0 MT`10.0 RS/QUINTALS
INFO,27/06/2022 16,24,33.761,Exiting getNotificationDetail(),clOrdID,1.12706222733836E+019,,
INFO,27/06/2022 16,24,33.763,Entering NotificationDaoImpl --->  InsertIntoNotiTracker,clOrdID,1.12706222733836E+019,,
INFO,27/06/2022 16,24,33.772,Insertion successful in NOTIFICATION_TRACKER,,,,
INFO,27/06/2022 16,24,33.772,Entering InsertIntoNotiTracker,clOrdID,1.12706222733836E+019,,
INFO,27/06/2022 16,24,54.229,Entering getNotificationDetail(),clOrdID,1.12706222733033E+019,,
INFO,27/06/2022 16,24,54.23,Notification Message,[**04242919`MASOOR`100.0 MT`100.0 RS/QUINTAL,PVTM_MASOOR,Offer,121]
INFO,27/06/2022 16,24,54.23,Response from getNotificationDetail,[Offer,TOPIC,PVTM_MASOOR,**04242919`MASOOR`100.0 MT`100.0 RS/QUINTAL
INFO,27/06/2022 16,24,54.23,Exiting getNotificationDetail(),clOrdID,1.12706222733033E+019,,
INFO,27/06/2022 16,24,54.23,Entering NotificationDaoImpl --->  InsertIntoNotiTracker,clOrdID,1.12706222733033E+019,,
INFO,27/06/2022 16,24,54.236,Insertion successful in NOTIFICATION_TRACKER,,,,
INFO,27/06/2022 16,24,54.236,Entering InsertIntoNotiTracker,clOrdID,1.12706222733033E+019,,
INFO,27/06/2022 16,25,15.257,Entering getNotificationDetail(),clOrdID,1.12706222730561E+019,,
INFO,27/06/2022 16,25,15.261,Notification Message,[**04245420`MASOOR`100.0 MT`100.0 RS/QUINTAL,PVTM_MASOOR,Offer,121]
INFO,27/06/2022 16,25,15.261,Response from getNotificationDetail,[Offer,TOPIC,PVTM_MASOOR,**04245420`MASOOR`100.0 MT`100.0 RS/QUINTAL
INFO,27/06/2022 16,25,15.261,Exiting getNotificationDetail(),clOrdID,1.12706222730561E+019,,
INFO,27/06/2022 16,25,15.269,Entering NotificationDaoImpl --->  InsertIntoNotiTracker,clOrdID,1.12706222730561E+019,,
INFO,27/06/2022 16,25,15.281,Insertion successful in NOTIFICATION_TRACKER,,,,
INFO,27/06/2022 16,25,15.281,Entering InsertIntoNotiTracker,clOrdID,1.12706222730561E+019,,
INFO,27/06/2022 16,25,45.615,Entering getNotificationDetail(),clOrdID,1.12706222743238E+019,,
INFO,27/06/2022 16,25,45.619,Notification Message,[**04224715`TAMARIND`10.0 MT`100.0 RS/QUINTAL,PVTM_TAMARIND,Offer,121]
INFO,27/06/2022 16,25,45.619,Response from getNotificationDetail,[Offer,TOPIC,PVTM_TAMARIND,**04224715`TAMARIND`10.0 MT`100.0 RS/QUINTAL
INFO,27/06/2022 16,25,45.619,Exiting getNotificationDetail(),clOrdID,1.12706222743238E+019,,
INFO,27/06/2022 16,25,45.619,Entering NotificationDaoImpl --->  InsertIntoNotiTracker,clOrdID,1.12706222743238E+019,,
INFO,27/06/2022 16,25,45.632,Insertion successful in NOTIFICATION_TRACKER,,,,
INFO,27/06/2022 16,25,45.632,Entering InsertIntoNotiTracker,clOrdID,1.12706222743238E+019,,
INFO,27/06/2022 16,25,49.532,Entering getNotificationDetail(),clOrdID,1.12706222725238E+019,,
INFO,27/06/2022 16,25,49.533,Notification Message,[WHEAT`**04242111`10.0 MT`10.0 RS/QUINTALS,KS7,Bid,122]
INFO,27/06/2022 16,25,49.533,Response from getNotificationDetail,[Bid,USER,KS7,WHEAT`**04242111`10.0 MT`10.0 RS/QUINTALS
INFO,27/06/2022 16,25,49.533,Exiting getNotificationDetail(),clOrdID,1.12706222725238E+019,,
INFO,27/06/2022 16,25,49.533,Entering NotificationDaoImpl --->  InsertIntoNotiTracker,clOrdID,1.12706222725238E+019,,
INFO,27/06/2022 16,25,49.542,Insertion successful in NOTIFICATION_TRACKER,,,,
INFO,27/06/2022 16,25,49.542,Entering InsertIntoNotiTracker,clOrdID,1.12706222725238E+019,,
INFO,27/06/2022 16,26,18.82,Entering getNotificationDetail(),clOrdID,1.1270622272339E+019,,
INFO,27/06/2022 16,26,18.822,Notification Message,[TAMARIND`**04224715`10.0 MT`100.0 RS/QUINTAL,RG30,Bid,122]
INFO,27/06/2022 16,26,18.822,Response from getNotificationDetail,[Bid,USER,RG30,TAMARIND`**04224715`10.0 MT`100.0 RS/QUINTAL
INFO,27/06/2022 16,26,18.822,Exiting getNotificationDetail(),clOrdID,1.1270622272339E+019,,
INFO,27/06/2022 16,26,18.822,Entering NotificationDaoImpl --->  InsertIntoNotiTracker,clOrdID,1.1270622272339E+019,,
INFO,27/06/2022 16,26,18.828,Insertion successful in NOTIFICATION_TRACKER,,,,
INFO,27/06/2022 16,26,18.828,Entering InsertIntoNotiTracker,clOrdID,1.1270622272339E+019,,
INFO,27/06/2022 16,27,34.192,Entering getNotificationDetail(),clOrdID,1.12706222716346E+019,,
INFO,27/06/2022 16,27,34.196,Notification Message,[**04271611`WHEAT`10.0 MT`10.0 RS/QUINTALS,NMS_WHEAT,Offer,121]
INFO,27/06/2022 16,27,34.196,Response from getNotificationDetail,[Offer,TOPIC,NMS_WHEAT,**04271611`WHEAT`10.0 MT`10.0 RS/QUINTALS
INFO,27/06/2022 16,27,34.196,Exiting getNotificationDetail(),clOrdID,1.12706222716346E+019,,
INFO,27/06/2022 16,27,34.196,Entering NotificationDaoImpl --->  InsertIntoNotiTracker,clOrdID,1.12706222716346E+019,,
INFO,27/06/2022 16,27,34.2,Insertion successful in NOTIFICATION_TRACKER,,,,
INFO,27/06/2022 16,27,34.2,Entering InsertIntoNotiTracker,clOrdID,1.12706222716346E+019,,
INFO,27/06/2022 16,27,39.883,Entering getNotificationDetail(),clOrdID,1178162739060,,
INFO,27/06/2022 16,27,39.884,Notification Message,[MASOOR`**04245420`50.0 MT`50.0 RS/QUINTAL,JOHN,Bid,122]
INFO,27/06/2022 16,27,39.884,Response from getNotificationDetail,[Bid,USER,JOHN,MASOOR`**04245420`50.0 MT`50.0 RS/QUINTAL
INFO,27/06/2022 16,27,39.884,Exiting getNotificationDetail(),clOrdID,1178162739060,,
INFO,27/06/2022 16,27,39.888,Entering NotificationDaoImpl --->  InsertIntoNotiTracker,clOrdID,1178162739060,,
INFO,27/06/2022 16,27,39.901,Insertion successful in NOTIFICATION_TRACKER,,,,
INFO,27/06/2022 16,27,39.901,Entering InsertIntoNotiTracker,clOrdID,1178162739060,,
INFO,27/06/2022 16,27,54.563,Entering getNotificationDetail(),clOrdID,1.12706222714165E+019,,
INFO,27/06/2022 16,27,54.564,Notification Message,[**04273813`WHEAT`10.0 MT`10.0 RS/QUINTALS,NMS_WHEAT,Enquiry,130]
INFO,27/06/2022 16,27,54.564,Response from getNotificationDetail,[Enquiry,TOPIC,NMS_WHEAT,**04273813`WHEAT`10.0 MT`10.0 RS/QUINTALS
INFO,27/06/2022 16,27,54.564,Exiting getNotificationDetail(),clOrdID,1.12706222714165E+019,,
INFO,27/06/2022 16,27,54.564,Entering NotificationDaoImpl --->  InsertIntoNotiTracker,clOrdID,1.12706222714165E+019,,
INFO,27/06/2022 16,27,54.569,Insertion successful in NOTIFICATION_TRACKER,,,,
INFO,27/06/2022 16,27,54.569,Entering InsertIntoNotiTracker,clOrdID,1.12706222714165E+019,,
INFO,27/06/2022 16,28,38.417,Entering getNotificationDetail(),clOrdID,1.12706222708358E+019,,
INFO,27/06/2022 16,28,38.417,Notification Message,[WHEAT`**04271611`10.0 MT`10.0 RS/QUINTALS,KS7,Bid,122]
INFO,27/06/2022 16,28,38.417,Response from getNotificationDetail,[Bid,USER,KS7,WHEAT`**04271611`10.0 MT`10.0 RS/QUINTALS
INFO,27/06/2022 16,28,38.417,Exiting getNotificationDetail(),clOrdID,1.12706222708358E+019,,
INFO,27/06/2022 16,28,38.417,Entering NotificationDaoImpl --->  InsertIntoNotiTracker,clOrdID,1.12706222708358E+019,,
INFO,27/06/2022 16,28,38.436,Insertion successful in NOTIFICATION_TRACKER,,,,
INFO,27/06/2022 16,28,38.436,Entering InsertIntoNotiTracker,clOrdID,1.12706222708358E+019,,
INFO,27/06/2022 16,28,53.143,Entering getNotificationDetail(),clOrdID,1.12706222707956E+019,,
INFO,27/06/2022 16,28,53.157,Notification Message,[TAMARIND`**04224715`10.0 MT`100.0 RS/QUINTAL,RG30,Bid,122]
INFO,27/06/2022 16,28,53.157,Response from getNotificationDetail,[Bid,USER,RG30,TAMARIND`**04224715`10.0 MT`100.0 RS/QUINTAL
INFO,27/06/2022 16,28,53.157,Exiting getNotificationDetail(),clOrdID,1.12706222707956E+019,,
INFO,27/06/2022 16,28,53.157,Entering NotificationDaoImpl --->  InsertIntoNotiTracker,clOrdID,1.12706222707956E+019,,
INFO,27/06/2022 16,28,53.159,Insertion successful in NOTIFICATION_TRACKER,,,,
INFO,27/06/2022 16,28,53.159,Entering InsertIntoNotiTracker,clOrdID,1.12706222707956E+019,,
INFO,27/06/2022 16,29,21.462,Entering getNotificationDetail(),clOrdID,1.12706222704274E+019,,
INFO,27/06/2022 16,29,21.464,Notification Message,[WHEAT`**04273813`10.0 MT`10.0 RS/QUINTALS,KS7,Quote,131]
INFO,27/06/2022 16,29,21.464,Response from getNotificationDetail,[Quote,USER,KS7,WHEAT`**04273813`10.0 MT`10.0 RS/QUINTALS
INFO,27/06/2022 16,29,21.464,Exiting getNotificationDetail(),clOrdID,1.12706222704274E+019,,
INFO,27/06/2022 16,29,21.464,Entering NotificationDaoImpl --->  InsertIntoNotiTracker,clOrdID,1.12706222704274E+019,,
INFO,27/06/2022 16,29,21.468,Insertion successful in NOTIFICATION_TRACKER,,,,
INFO,27/06/2022 16,29,21.468,Entering InsertIntoNotiTracker,clOrdID,1.12706222704274E+019,,
INFO,27/06/2022 16,33,16.814,Entering getNotificationDetail(),clOrdID,1.12706222680389E+019,,
INFO,27/06/2022 16,33,16.815,Notification Message,[WHEAT`**04164270`24.0 MT`55.0 RS/QUINTALS,U1401510,Bid,122]
INFO,27/06/2022 16,33,16.815,Response from getNotificationDetail,[Bid,USER,U1401510,WHEAT`**04164270`24.0 MT`55.0 RS/QUINTALS
INFO,27/06/2022 16,33,16.815,Exiting getNotificationDetail(),clOrdID,1.12706222680389E+019,,
INFO,27/06/2022 16,33,16.815,Entering NotificationDaoImpl --->  InsertIntoNotiTracker,clOrdID,1.12706222680389E+019,,
INFO,27/06/2022 16,33,16.827,Insertion successful in NOTIFICATION_TRACKER,,,,
INFO,27/06/2022 16,33,16.827,Entering InsertIntoNotiTracker,clOrdID,1.12706222680389E+019,,
INFO,27/06/2022 16,38,26.968,Entering getNotificationDetail(),clOrdID,1.1270622265072E+019,,
INFO,27/06/2022 16,38,26.97,Notification Message,[**04381215`WHEAT`10.0 MT`10.0 RS/QUINTALS,NMS_WHEAT,Offer,121]
INFO,27/06/2022 16,38,26.97,Response from getNotificationDetail,[Offer,TOPIC,NMS_WHEAT,**04381215`WHEAT`10.0 MT`10.0 RS/QUINTALS
INFO,27/06/2022 16,38,26.97,Exiting getNotificationDetail(),clOrdID,1.1270622265072E+019,,
INFO,27/06/2022 16,38,26.97,Entering NotificationDaoImpl --->  InsertIntoNotiTracker,clOrdID,1.1270622265072E+019,,
INFO,27/06/2022 16,38,27.021,Insertion successful in NOTIFICATION_TRACKER,,,,
INFO,27/06/2022 16,38,27.021,Entering InsertIntoNotiTracker,clOrdID,1.1270622265072E+019,,
INFO,27/06/2022 16,40,29.914,Entering getNotificationDetail(),clOrdID,1.12706222637199E+019,,
INFO,27/06/2022 16,40,29.915,Notification Message,[WHEAT`**04381215`10.0 MT`5.0 RS/QUINTALS,KB7,Bid,122]
INFO,27/06/2022 16,40,29.915,Response from getNotificationDetail,[Bid,USER,KB7,WHEAT`**04381215`10.0 MT`5.0 RS/QUINTALS
INFO,27/06/2022 16,40,29.915,Exiting getNotificationDetail(),clOrdID,1.12706222637199E+019,,
INFO,27/06/2022 16,40,29.915,Entering NotificationDaoImpl --->  InsertIntoNotiTracker,clOrdID,1.12706222637199E+019,,
INFO,27/06/2022 16,40,29.931,Insertion successful in NOTIFICATION_TRACKER,,,,
INFO,27/06/2022 16,40,29.931,Entering InsertIntoNotiTracker,clOrdID,1.12706222637199E+019,,
INFO,27/06/2022 16,44,47.876,Entering getNotificationDetail(),clOrdID,1.12706222616099E+019,,
INFO,27/06/2022 16,44,47.876,Notification Message,[**04435917`TAMARIND`10.0 MT`10.0 RS/QUINTAL,PVTM_TAMARIND,Offer,121]
INFO,27/06/2022 16,44,47.876,Response from getNotificationDetail,[Offer,TOPIC,PVTM_TAMARIND,**04435917`TAMARIND`10.0 MT`10.0 RS/QUINTAL
INFO,27/06/2022 16,44,47.876,Exiting getNotificationDetail(),clOrdID,1.12706222616099E+019,,
INFO,27/06/2022 16,44,47.876,Entering NotificationDaoImpl --->  InsertIntoNotiTracker,clOrdID,1.12706222616099E+019,,
INFO,27/06/2022 16,44,47.884,Insertion successful in NOTIFICATION_TRACKER,,,,
INFO,27/06/2022 16,44,47.884,Entering InsertIntoNotiTracker,clOrdID,1.12706222616099E+019,,
INFO,27/06/2022 16,45,51.335,Entering getNotificationDetail(),clOrdID,1.1270622260626E+019,,
INFO,27/06/2022 16,45,51.34,Notification Message,[TAMARIND`**04435917`9.0 MT`10.0 RS/QUINTAL,RG30,Bid,122]
INFO,27/06/2022 16,45,51.34,Response from getNotificationDetail,[Bid,USER,RG30,TAMARIND`**04435917`9.0 MT`10.0 RS/QUINTAL
INFO,27/06/2022 16,45,51.34,Exiting getNotificationDetail(),clOrdID,1.1270622260626E+019,,
INFO,27/06/2022 16,45,51.34,Entering NotificationDaoImpl --->  InsertIntoNotiTracker,clOrdID,1.1270622260626E+019,,
INFO,27/06/2022 16,45,51.344,Insertion successful in NOTIFICATION_TRACKER,,,,
INFO,27/06/2022 16,45,51.344,Entering InsertIntoNotiTracker,clOrdID,1.1270622260626E+019,,
INFO,27/06/2022 16,50,8.948,Entering getNotificationDetail(),clOrdID,1.12706222586582E+019,,
INFO,27/06/2022 16,50,8.948,Notification Message,[**04485424`SOYABEAN`10.0 MT`12.0 RS/QUINTAL,NMS_SOYABEAN,Offer,121]
INFO,27/06/2022 16,50,8.948,Response from getNotificationDetail,[Offer,TOPIC,NMS_SOYABEAN,**04485424`SOYABEAN`10.0 MT`12.0 RS/QUINTAL
INFO,27/06/2022 16,50,8.948,Exiting getNotificationDetail(),clOrdID,1.12706222586582E+019,,
INFO,27/06/2022 16,50,8.949,Entering NotificationDaoImpl --->  InsertIntoNotiTracker,clOrdID,1.12706222586582E+019,,
INFO,27/06/2022 16,50,8.976,Insertion successful in NOTIFICATION_TRACKER,,,,
INFO,27/06/2022 16,50,8.976,Entering InsertIntoNotiTracker,clOrdID,1.12706222586582E+019,,
INFO,27/06/2022 17,6,15.386,Entering getNotificationDetail(),clOrdID,1.12706222484605E+019,,
INFO,27/06/2022 17,6,15.389,Notification Message,[**05055317`WHEAT`10.0 MT`1.0 RS/QUINTALS,NMS_WHEAT,Offer,121]
INFO,27/06/2022 17,6,15.389,Response from getNotificationDetail,[Offer,TOPIC,NMS_WHEAT,**05055317`WHEAT`10.0 MT`1.0 RS/QUINTALS
INFO,27/06/2022 17,6,15.389,Exiting getNotificationDetail(),clOrdID,1.12706222484605E+019,,
INFO,27/06/2022 17,6,15.389,Entering NotificationDaoImpl --->  InsertIntoNotiTracker,clOrdID,1.12706222484605E+019,,
INFO,27/06/2022 17,6,15.394,Insertion successful in NOTIFICATION_TRACKER,,,,
INFO,27/06/2022 17,6,15.394,Entering InsertIntoNotiTracker,clOrdID,1.12706222484605E+019,,
INFO,27/06/2022 17,6,19.256,Entering getNotificationDetail(),clOrdID,1.1270622260626E+019,,
INFO,27/06/2022 17,6,19.257,Notification Message,[**87291030`**04435917`TAMARIND`1401267`TAC1401267`9.0 MT`10.0 RS/QUINTAL,RG29,Allocation Confirmed,124]
INFO,27/06/2022 17,6,19.257,Response from getNotificationDetail,[Allocation Confirmed,USER,RG29,**87291030`**04435917`TAMARIND`1401267`TAC1401267`9.0 MT`10.0 RS/QUINTAL
INFO,27/06/2022 17,6,19.257,Exiting getNotificationDetail(),clOrdID,1.1270622260626E+019,,
INFO,27/06/2022 17,6,19.257,Entering NotificationDaoImpl --->  InsertIntoNotiTracker,clOrdID,1.1270622260626E+019,,
INFO,27/06/2022 17,6,19.27,Insertion successful in NOTIFICATION_TRACKER,,,,
INFO,27/06/2022 17,6,19.27,Entering InsertIntoNotiTracker,clOrdID,1.1270622260626E+019,,
INFO,27/06/2022 17,6,29.511,Entering getNotificationDetail(),clOrdID,1.12706222482158E+019,,
INFO,27/06/2022 17,6,29.511,Notification Message,[**05061819`WHEAT`10.0 MT`2.0 RS/QUINTALS,NMS_WHEAT,Enquiry,130]
INFO,27/06/2022 17,6,29.511,Response from getNotificationDetail,[Enquiry,TOPIC,NMS_WHEAT,**05061819`WHEAT`10.0 MT`2.0 RS/QUINTALS
INFO,27/06/2022 17,6,29.511,Exiting getNotificationDetail(),clOrdID,1.12706222482158E+019,,
INFO,27/06/2022 17,6,29.511,Entering NotificationDaoImpl --->  InsertIntoNotiTracker,clOrdID,1.12706222482158E+019,,
INFO,27/06/2022 17,6,29.519,Insertion successful in NOTIFICATION_TRACKER,,,,
INFO,27/06/2022 17,6,29.52,Entering InsertIntoNotiTracker,clOrdID,1.12706222482158E+019,,
INFO,27/06/2022 17,6,53.91,Entering getNotificationDetail(),clOrdID,1.12706222481132E+019,,
INFO,27/06/2022 17,6,53.913,Notification Message,[**05062820`WHEAT`10.0 MT`10.0 RS/QUINTALS,NMS_WHEAT,Enquiry,130]
INFO,27/06/2022 17,6,53.913,Response from getNotificationDetail,[Enquiry,TOPIC,NMS_WHEAT,**05062820`WHEAT`10.0 MT`10.0 RS/QUINTALS
INFO,27/06/2022 17,6,53.913,Exiting getNotificationDetail(),clOrdID,1.12706222481132E+019,,
INFO,27/06/2022 17,6,53.913,Entering NotificationDaoImpl --->  InsertIntoNotiTracker,clOrdID,1.12706222481132E+019,,
INFO,27/06/2022 17,6,53.923,Insertion successful in NOTIFICATION_TRACKER,,,,
INFO,27/06/2022 17,6,53.923,Entering InsertIntoNotiTracker,clOrdID,1.12706222481132E+019,,
INFO,27/06/2022 17,7,40.447,Entering getNotificationDetail(),clOrdID,1.12706222475455E+019,,
INFO,27/06/2022 17,7,40.448,Notification Message,[**05072522`WHEAT`10.0 MT`3.0 RS/QUINTALS,NMS_WHEAT,Offer,121]
INFO,27/06/2022 17,7,40.449,Response from getNotificationDetail,[Offer,TOPIC,NMS_WHEAT,**05072522`WHEAT`10.0 MT`3.0 RS/QUINTALS
INFO,27/06/2022 17,7,40.449,Exiting getNotificationDetail(),clOrdID,1.12706222475455E+019,,
INFO,27/06/2022 17,7,40.449,Entering NotificationDaoImpl --->  InsertIntoNotiTracker,clOrdID,1.12706222475455E+019,,
INFO,27/06/2022 17,7,40.453,Insertion successful in NOTIFICATION_TRACKER,,,,
INFO,27/06/2022 17,7,40.453,Entering InsertIntoNotiTracker,clOrdID,1.12706222475455E+019,,
INFO,27/06/2022 17,8,8.228,Entering getNotificationDetail(),clOrdID,1.12706222473255E+019,,
INFO,27/06/2022 17,8,8.229,Notification Message,[**05074724`WHEAT`10.0 MT`3.0 RS/QUINTALS,NMS_WHEAT,Offer,121]
INFO,27/06/2022 17,8,8.229,Response from getNotificationDetail,[Offer,TOPIC,NMS_WHEAT,**05074724`WHEAT`10.0 MT`3.0 RS/QUINTALS
INFO,27/06/2022 17,8,8.229,Exiting getNotificationDetail(),clOrdID,1.12706222473255E+019,,
INFO,27/06/2022 17,8,8.23,Entering NotificationDaoImpl --->  InsertIntoNotiTracker,clOrdID,1.12706222473255E+019,,
INFO,27/06/2022 17,8,8.241,Insertion successful in NOTIFICATION_TRACKER,,,,
INFO,27/06/2022 17,8,8.241,Entering InsertIntoNotiTracker,clOrdID,1.12706222473255E+019,,
INFO,27/06/2022 17,8,31.147,Entering getNotificationDetail(),clOrdID,1.12706222470778E+019,,
INFO,27/06/2022 17,8,31.148,Notification Message,[**05081226`WHEAT`10.0 MT`4.0 RS/QUINTALS,NMS_WHEAT,Enquiry,130]
INFO,27/06/2022 17,8,31.148,Response from getNotificationDetail,[Enquiry,TOPIC,NMS_WHEAT,**05081226`WHEAT`10.0 MT`4.0 RS/QUINTALS
INFO,27/06/2022 17,8,31.148,Exiting getNotificationDetail(),clOrdID,1.12706222470778E+019,,
INFO,27/06/2022 17,8,31.148,Entering NotificationDaoImpl --->  InsertIntoNotiTracker,clOrdID,1.12706222470778E+019,,
INFO,27/06/2022 17,8,31.155,Insertion successful in NOTIFICATION_TRACKER,,,,
INFO,27/06/2022 17,8,31.155,Entering InsertIntoNotiTracker,clOrdID,1.12706222470778E+019,,
INFO,27/06/2022 17,9,28.745,Entering getNotificationDetail(),clOrdID,1.12706222463633E+019,,
INFO,27/06/2022 17,9,28.746,Notification Message,[WHEAT`**05062820`10.0 MT`10.0 RS/QUINTALS,KS7,Quote,131]
INFO,27/06/2022 17,9,28.746,Response from getNotificationDetail,[Quote,USER,KS7,WHEAT`**05062820`10.0 MT`10.0 RS/QUINTALS
INFO,27/06/2022 17,9,28.746,Exiting getNotificationDetail(),clOrdID,1.12706222463633E+019,,
INFO,27/06/2022 17,9,28.746,Entering NotificationDaoImpl --->  InsertIntoNotiTracker,clOrdID,1.12706222463633E+019,,
INFO,27/06/2022 17,9,28.751,Insertion successful in NOTIFICATION_TRACKER,,,,
INFO,27/06/2022 17,9,28.751,Entering InsertIntoNotiTracker,clOrdID,1.12706222463633E+019,,
INFO,27/06/2022 17,9,57.111,Entering getNotificationDetail(),clOrdID,1.12706222460502E+019,,
INFO,27/06/2022 17,9,57.114,Notification Message,[WHEAT`**05055317`10.0 MT`1.0 RS/QUINTALS,KS7,Bid,122]
INFO,27/06/2022 17,9,57.114,Response from getNotificationDetail,[Bid,USER,KS7,WHEAT`**05055317`10.0 MT`1.0 RS/QUINTALS
INFO,27/06/2022 17,9,57.114,Exiting getNotificationDetail(),clOrdID,1.12706222460502E+019,,
INFO,27/06/2022 17,9,57.114,Entering NotificationDaoImpl --->  InsertIntoNotiTracker,clOrdID,1.12706222460502E+019,,
INFO,27/06/2022 17,9,57.12,Insertion successful in NOTIFICATION_TRACKER,,,,
INFO,27/06/2022 17,9,57.12,Entering InsertIntoNotiTracker,clOrdID,1.12706222460502E+019,,
INFO,27/06/2022 17,11,43.601,Entering getNotificationDetail(),clOrdID,1.12706222459342E+019,,
INFO,27/06/2022 17,11,43.603,Notification Message,[**05100629`SOYABEAN`5.0 MT`5.0 RS/QUINTAL,NMS_SOYABEAN,Offer,121]
INFO,27/06/2022 17,11,43.603,Response from getNotificationDetail,[Offer,TOPIC,NMS_SOYABEAN,**05100629`SOYABEAN`5.0 MT`5.0 RS/QUINTAL
INFO,27/06/2022 17,11,43.603,Exiting getNotificationDetail(),clOrdID,1.12706222459342E+019,,
INFO,27/06/2022 17,11,43.604,Entering NotificationDaoImpl --->  InsertIntoNotiTracker,clOrdID,1.12706222459342E+019,,
INFO,27/06/2022 17,11,43.606,Insertion successful in NOTIFICATION_TRACKER,,,,
INFO,27/06/2022 17,11,43.606,Entering InsertIntoNotiTracker,clOrdID,1.12706222459342E+019,,
INFO,27/06/2022 17,16,19.596,Entering getNotificationDetail(),clOrdID,1.12706222423328E+019,,
INFO,27/06/2022 17,16,19.597,Notification Message,[TAMARIND`**04435917`1.0 MT`10.0 RS/QUINTAL,RG30,Bid,122]
INFO,27/06/2022 17,16,19.597,Response from getNotificationDetail,[Bid,USER,RG30,TAMARIND`**04435917`1.0 MT`10.0 RS/QUINTAL
INFO,27/06/2022 17,16,19.597,Exiting getNotificationDetail(),clOrdID,1.12706222423328E+019,,
INFO,27/06/2022 17,16,19.597,Entering NotificationDaoImpl --->  InsertIntoNotiTracker,clOrdID,1.12706222423328E+019,,
INFO,27/06/2022 17,16,19.604,Insertion successful in NOTIFICATION_TRACKER,,,,
INFO,27/06/2022 17,16,19.604,Entering InsertIntoNotiTracker,clOrdID,1.12706222423328E+019,,
INFO,27/06/2022 17,16,23.901,Entering getNotificationDetail(),clOrdID,1.12706222421809E+019,,
INFO,27/06/2022 17,16,23.903,Notification Message,[WHEAT`**05055317`10.0 MT`1.0 RS/QUINTALS,KS7,Bid,122]
INFO,27/06/2022 17,16,23.903,Response from getNotificationDetail,[Bid,USER,KS7,WHEAT`**05055317`10.0 MT`1.0 RS/QUINTALS
INFO,27/06/2022 17,16,23.903,Exiting getNotificationDetail(),clOrdID,1.12706222421809E+019,,
INFO,27/06/2022 17,16,23.903,Entering NotificationDaoImpl --->  InsertIntoNotiTracker,clOrdID,1.12706222421809E+019,,
INFO,27/06/2022 17,16,23.912,Insertion successful in NOTIFICATION_TRACKER,,,,
INFO,27/06/2022 17,16,23.912,Entering InsertIntoNotiTracker,clOrdID,1.12706222421809E+019,,
INFO,27/06/2022 17,16,55.256,Entering getNotificationDetail(),clOrdID,1.12706222419294E+019,,
INFO,27/06/2022 17,16,55.256,Notification Message,[WHEAT`**05062820`10.0 MT`10.0 RS/QUINTALS,KS7,Quote,131]
INFO,27/06/2022 17,16,55.256,Response from getNotificationDetail,[Quote,USER,KS7,WHEAT`**05062820`10.0 MT`10.0 RS/QUINTALS
INFO,27/06/2022 17,16,55.256,Exiting getNotificationDetail(),clOrdID,1.12706222419294E+019,,
INFO,27/06/2022 17,16,55.256,Entering NotificationDaoImpl --->  InsertIntoNotiTracker,clOrdID,1.12706222419294E+019,,
INFO,27/06/2022 17,16,55.271,Insertion successful in NOTIFICATION_TRACKER,,,,
INFO,27/06/2022 17,16,55.271,Entering InsertIntoNotiTracker,clOrdID,1.12706222419294E+019,,
INFO,27/06/2022 17,17,26.895,Entering getNotificationDetail(),clOrdID,1.12706222423328E+019,,
INFO,27/06/2022 17,17,26.897,Notification Message,[**05541046`**04435917`TAMARIND`1401267`TAC1401267`1.0 MT`10.0 RS/QUINTAL,RG28,Allocation Confirmed,124]
INFO,27/06/2022 17,17,26.897,Response from getNotificationDetail,[Allocation Confirmed,USER,RG28,**05541046`**04435917`TAMARIND`1401267`TAC1401267`1.0 MT`10.0 RS/QUINTAL
INFO,27/06/2022 17,17,26.897,Exiting getNotificationDetail(),clOrdID,1.12706222423328E+019,,
INFO,27/06/2022 17,17,26.897,Entering NotificationDaoImpl --->  InsertIntoNotiTracker,clOrdID,1.12706222423328E+019,,
INFO,27/06/2022 17,17,26.939,Insertion successful in NOTIFICATION_TRACKER,,,,
INFO,27/06/2022 17,17,26.939,Entering InsertIntoNotiTracker,clOrdID,1.12706222423328E+019,,
INFO,27/06/2022 17,18,20.888,Entering getNotificationDetail(),clOrdID,1.12706222423328E+019,,
INFO,27/06/2022 17,18,20.889,Notification Message,[**05541046`**04435917`TAMARIND`1401265`TAC1401265,RG30,Confirmation Rejected,128]
INFO,27/06/2022 17,18,20.889,Response from getNotificationDetail,[Confirmation Rejected,USER,RG30,**05541046`**04435917`TAMARIND`1401265`TAC1401265
INFO,27/06/2022 17,18,20.889,Exiting getNotificationDetail(),clOrdID,1.12706222423328E+019,,
INFO,27/06/2022 17,18,20.889,Entering NotificationDaoImpl --->  InsertIntoNotiTracker,clOrdID,1.12706222423328E+019,,
INFO,27/06/2022 17,18,20.894,Insertion successful in NOTIFICATION_TRACKER,,,,
INFO,27/06/2022 17,18,20.894,Entering InsertIntoNotiTracker,clOrdID,1.12706222423328E+019,,
INFO,27/06/2022 17,29,58.646,Entering getNotificationDetail(),clOrdID,1.12706222341919E+019,,
INFO,27/06/2022 17,29,58.648,Notification Message,[**05294011`ROSE`12.0 Stem`11.0 RS/Stem,NMS_ROSE,Enquiry,130]
INFO,27/06/2022 17,29,58.648,Response from getNotificationDetail,[Enquiry,TOPIC,NMS_ROSE,**05294011`ROSE`12.0 Stem`11.0 RS/Stem
INFO,27/06/2022 17,29,58.648,Exiting getNotificationDetail(),clOrdID,1.12706222341919E+019,,
INFO,27/06/2022 17,29,58.649,Entering NotificationDaoImpl --->  InsertIntoNotiTracker,clOrdID,1.12706222341919E+019,,
INFO,27/06/2022 17,29,58.663,Insertion successful in NOTIFICATION_TRACKER,,,,
INFO,27/06/2022 17,29,58.663,Entering InsertIntoNotiTracker,clOrdID,1.12706222341919E+019,,
INFO,27/06/2022 17,30,43.672,Entering getNotificationDetail(),clOrdID,1.12706222341089E+019,,
INFO,27/06/2022 17,30,43.675,Notification Message,[**05294911`BAJRA`250.0 MT`2000.0 RS/QUINTAL,PVTM_BAJRA,Offer,121]
INFO,27/06/2022 17,30,43.675,Response from getNotificationDetail,[Offer,TOPIC,PVTM_BAJRA,**05294911`BAJRA`250.0 MT`2000.0 RS/QUINTAL
INFO,27/06/2022 17,30,43.675,Exiting getNotificationDetail(),clOrdID,1.12706222341089E+019,,
INFO,27/06/2022 17,30,43.675,Entering NotificationDaoImpl --->  InsertIntoNotiTracker,clOrdID,1.12706222341089E+019,,
INFO,27/06/2022 17,30,43.68,Insertion successful in NOTIFICATION_TRACKER,,,,
INFO,27/06/2022 17,30,43.68,Entering InsertIntoNotiTracker,clOrdID,1.12706222341089E+019,,
INFO,27/06/2022 17,30,56.89,Entering getNotificationDetail(),clOrdID,1.12706222336293E+019,,
INFO,27/06/2022 17,30,56.89,Notification Message,[**05303711`BAJRA`36.0 MT`96.0 RS/QUINTAL,PVTM_BAJRA,Enquiry,130]
INFO,27/06/2022 17,30,56.89,Response from getNotificationDetail,[Enquiry,TOPIC,PVTM_BAJRA,**05303711`BAJRA`36.0 MT`96.0 RS/QUINTAL
INFO,27/06/2022 17,30,56.89,Exiting getNotificationDetail(),clOrdID,1.12706222336293E+019,,
INFO,27/06/2022 17,30,56.89,Entering NotificationDaoImpl --->  InsertIntoNotiTracker,clOrdID,1.12706222336293E+019,,
INFO,27/06/2022 17,30,56.999,Insertion successful in NOTIFICATION_TRACKER,,,,
INFO,27/06/2022 17,30,56.999,Entering InsertIntoNotiTracker,clOrdID,1.12706222336293E+019,,
INFO,27/06/2022 17,31,5.445,Entering getNotificationDetail(),clOrdID,1.12706222337473E+019,,
INFO,27/06/2022 17,31,5.447,Notification Message,[ROSE`**05294011`3.0 Stem`11.0 RS/Stem,KISAN5,Quote,131]
INFO,27/06/2022 17,31,5.447,Response from getNotificationDetail,[Quote,USER,KISAN5,ROSE`**05294011`3.0 Stem`11.0 RS/Stem
INFO,27/06/2022 17,31,5.447,Exiting getNotificationDetail(),clOrdID,1.12706222337473E+019,,
INFO,27/06/2022 17,31,5.447,Entering NotificationDaoImpl --->  InsertIntoNotiTracker,clOrdID,1.12706222337473E+019,,
INFO,27/06/2022 17,31,5.455,Insertion successful in NOTIFICATION_TRACKER,,,,
INFO,27/06/2022 17,31,5.455,Entering InsertIntoNotiTracker,clOrdID,1.12706222337473E+019,,
INFO,27/06/2022 17,34,45.079,Entering getNotificationDetail(),clOrdID,1.12706222321427E+019,,
INFO,27/06/2022 17,34,45.08,Notification Message,[**05330513`SOYABEAN`25.0 MT`52.0 RS/QUINTAL,NMS_SOYABEAN,Enquiry,130]
INFO,27/06/2022 17,34,45.08,Response from getNotificationDetail,[Enquiry,TOPIC,NMS_SOYABEAN,**05330513`SOYABEAN`25.0 MT`52.0 RS/QUINTAL
INFO,27/06/2022 17,34,45.08,Exiting getNotificationDetail(),clOrdID,1.12706222321427E+019,,
INFO,27/06/2022 17,34,45.08,Entering NotificationDaoImpl --->  InsertIntoNotiTracker,clOrdID,1.12706222321427E+019,,
INFO,27/06/2022 17,34,45.088,Insertion successful in NOTIFICATION_TRACKER,,,,
INFO,27/06/2022 17,34,45.088,Entering InsertIntoNotiTracker,clOrdID,1.12706222321427E+019,,
INFO,27/06/2022 17,34,51.586,Entering getNotificationDetail(),clOrdID,1.27062223108543E+018,,
INFO,27/06/2022 17,34,51.586,Notification Message,[**05345111`SOYABEAN`25.0 MT`52.0 RS/QUINTAL,NMS_SOYABEAN,Enquiry,130]
INFO,27/06/2022 17,34,51.586,Response from getNotificationDetail,[Enquiry,TOPIC,NMS_SOYABEAN,**05345111`SOYABEAN`25.0 MT`52.0 RS/QUINTAL
INFO,27/06/2022 17,34,51.586,Exiting getNotificationDetail(),clOrdID,1.27062223108543E+018,,
INFO,27/06/2022 17,34,51.586,Entering NotificationDaoImpl --->  InsertIntoNotiTracker,clOrdID,1.27062223108543E+018,,
INFO,27/06/2022 17,34,51.596,Insertion successful in NOTIFICATION_TRACKER,,,,
INFO,27/06/2022 17,34,51.596,Entering InsertIntoNotiTracker,clOrdID,1.27062223108543E+018,,
INFO,27/06/2022 17,37,34.24,Entering getNotificationDetail(),clOrdID,1178173512063,,
INFO,27/06/2022 17,37,34.241,Notification Message,[SOYABEAN`**05345111`25.0 MT`52.0 RS/QUINTAL,KISAN8,Quote,131]
INFO,27/06/2022 17,37,34.241,Response from getNotificationDetail,[Quote,USER,KISAN8,SOYABEAN`**05345111`25.0 MT`52.0 RS/QUINTAL
INFO,27/06/2022 17,37,34.241,Exiting getNotificationDetail(),clOrdID,1178173512063,,
INFO,27/06/2022 17,37,34.241,Entering NotificationDaoImpl --->  InsertIntoNotiTracker,clOrdID,1178173512063,,
INFO,27/06/2022 17,37,34.252,Insertion successful in NOTIFICATION_TRACKER,,,,
INFO,27/06/2022 17,37,34.252,Entering InsertIntoNotiTracker,clOrdID,1178173512063,,
INFO,27/06/2022 17,41,44.985,Entering getNotificationDetail(),clOrdID,1178174031064,,
INFO,27/06/2022 17,41,44.988,Notification Message,[ROSE`**05294011`4.0 Stem`11.0 RS/Stem,KISAN5,Quote,131]
INFO,27/06/2022 17,41,44.988,Response from getNotificationDetail,[Quote,USER,KISAN5,ROSE`**05294011`4.0 Stem`11.0 RS/Stem
INFO,27/06/2022 17,41,44.988,Exiting getNotificationDetail(),clOrdID,1178174031064,,
INFO,27/06/2022 17,41,44.988,Entering NotificationDaoImpl --->  InsertIntoNotiTracker,clOrdID,1178174031064,,
INFO,27/06/2022 17,41,45.086,Insertion successful in NOTIFICATION_TRACKER,,,,
INFO,27/06/2022 17,41,45.086,Entering InsertIntoNotiTracker,clOrdID,1178174031064,,
INFO,27/06/2022 17,47,3.956,Entering getNotificationDetail(),clOrdID,1.12706222239354E+019,,
INFO,27/06/2022 17,47,3.959,Notification Message,[**05464614`ROSE`2.0 Stem`2.0 RS/Stem,NMS_ROSE,Enquiry,130]
INFO,27/06/2022 17,47,3.959,Response from getNotificationDetail,[Enquiry,TOPIC,NMS_ROSE,**05464614`ROSE`2.0 Stem`2.0 RS/Stem
INFO,27/06/2022 17,47,3.959,Exiting getNotificationDetail(),clOrdID,1.12706222239354E+019,,
INFO,27/06/2022 17,47,3.96,Entering NotificationDaoImpl --->  InsertIntoNotiTracker,clOrdID,1.12706222239354E+019,,
INFO,27/06/2022 17,47,3.963,Insertion successful in NOTIFICATION_TRACKER,,,,
INFO,27/06/2022 17,47,3.963,Entering InsertIntoNotiTracker,clOrdID,1.12706222239354E+019,,
INFO,27/06/2022 17,48,15.086,Entering getNotificationDetail(),clOrdID,1178174738066,,
INFO,27/06/2022 17,48,15.088,Notification Message,[ROSE`**05464614`2.0 Stem`2.0 RS/Stem,KISAN5,Quote,131]
INFO,27/06/2022 17,48,15.088,Response from getNotificationDetail,[Quote,USER,KISAN5,ROSE`**05464614`2.0 Stem`2.0 RS/Stem
INFO,27/06/2022 17,48,15.088,Exiting getNotificationDetail(),clOrdID,1178174738066,,
INFO,27/06/2022 17,48,15.088,Entering NotificationDaoImpl --->  InsertIntoNotiTracker,clOrdID,1178174738066,,
INFO,27/06/2022 17,48,15.094,Insertion successful in NOTIFICATION_TRACKER,,,,
INFO,27/06/2022 17,48,15.094,Entering InsertIntoNotiTracker,clOrdID,1178174738066,,
INFO,27/06/2022 17,52,12.853,Entering getNotificationDetail(),clOrdID,1.12706222209224E+019,,
INFO,27/06/2022 17,52,12.854,Notification Message,[**05514712`BAJRA`25.0 MT`58.0 RS/QUINTAL,PVTM_BAJRA,Offer,121]
INFO,27/06/2022 17,52,12.854,Response from getNotificationDetail,[Offer,TOPIC,PVTM_BAJRA,**05514712`BAJRA`25.0 MT`58.0 RS/QUINTAL
INFO,27/06/2022 17,52,12.854,Exiting getNotificationDetail(),clOrdID,1.12706222209224E+019,,
INFO,27/06/2022 17,52,12.854,Entering NotificationDaoImpl --->  InsertIntoNotiTracker,clOrdID,1.12706222209224E+019,,
INFO,27/06/2022 17,52,12.858,Insertion successful in NOTIFICATION_TRACKER,,,,
INFO,27/06/2022 17,52,12.858,Entering InsertIntoNotiTracker,clOrdID,1.12706222209224E+019,,
INFO,27/06/2022 18,1,25.044,Entering getNotificationDetail(),clOrdID,1.12706222151545E+019,,
INFO,27/06/2022 18,1,25.045,Notification Message,[BAJRA`**05514712`25.0 MT`58.0 RS/QUINTAL,KISAN8,Bid,122]
INFO,27/06/2022 18,1,25.045,Response from getNotificationDetail,[Bid,USER,KISAN8,BAJRA`**05514712`25.0 MT`58.0 RS/QUINTAL
INFO,27/06/2022 18,1,25.045,Exiting getNotificationDetail(),clOrdID,1.12706222151545E+019,,
INFO,27/06/2022 18,1,25.045,Entering NotificationDaoImpl --->  InsertIntoNotiTracker,clOrdID,1.12706222151545E+019,,
INFO,27/06/2022 18,1,25.115,Insertion successful in NOTIFICATION_TRACKER,,,,
INFO,27/06/2022 18,1,25.115,Entering InsertIntoNotiTracker,clOrdID,1.12706222151545E+019,,
INFO,27/06/2022 18,27,11.718,Entering getNotificationDetail(),clOrdID,1.12706222002484E+019,,
INFO,27/06/2022 18,27,11.719,Notification Message,[**06261511`AJWAIN`10.0 MT`100.0 RS/QUINTAL,PVTM_AJWAIN,Offer,121]
INFO,27/06/2022 18,27,11.719,Response from getNotificationDetail,[Offer,TOPIC,PVTM_AJWAIN,**06261511`AJWAIN`10.0 MT`100.0 RS/QUINTAL
INFO,27/06/2022 18,27,11.719,Exiting getNotificationDetail(),clOrdID,1.12706222002484E+019,,
INFO,27/06/2022 18,27,11.719,Entering NotificationDaoImpl --->  InsertIntoNotiTracker,clOrdID,1.12706222002484E+019,,
INFO,27/06/2022 18,27,11.726,Insertion successful in NOTIFICATION_TRACKER,,,,
INFO,27/06/2022 18,27,11.726,Entering InsertIntoNotiTracker,clOrdID,1.12706222002484E+019,,
INFO,27/06/2022 18,27,38.238,Entering getNotificationDetail(),clOrdID,1.12706221995447E+019,,
INFO,27/06/2022 18,27,38.239,Notification Message,[AJWAIN`**06261511`10.0 MT`100.0 RS/QUINTAL,RG30,Bid,122]
INFO,27/06/2022 18,27,38.239,Response from getNotificationDetail,[Bid,USER,RG30,AJWAIN`**06261511`10.0 MT`100.0 RS/QUINTAL
INFO,27/06/2022 18,27,38.239,Exiting getNotificationDetail(),clOrdID,1.12706221995447E+019,,
INFO,27/06/2022 18,27,38.239,Entering NotificationDaoImpl --->  InsertIntoNotiTracker,clOrdID,1.12706221995447E+019,,
INFO,27/06/2022 18,27,38.247,Insertion successful in NOTIFICATION_TRACKER,,,,
INFO,27/06/2022 18,27,38.247,Entering InsertIntoNotiTracker,clOrdID,1.12706221995447E+019,,
INFO,27/06/2022 18,39,7.66,Entering getNotificationDetail(),clOrdID,1.12706221928736E+019,,
INFO,27/06/2022 18,39,7.662,Notification Message,[**06383213`AJWAIN`10.0 MT`10.0 RS/QUINTAL,PVTM_AJWAIN,Offer,121]
INFO,27/06/2022 18,39,7.662,Response from getNotificationDetail,[Offer,TOPIC,PVTM_AJWAIN,**06383213`AJWAIN`10.0 MT`10.0 RS/QUINTAL
INFO,27/06/2022 18,39,7.662,Exiting getNotificationDetail(),clOrdID,1.12706221928736E+019,,
INFO,27/06/2022 18,39,7.663,Entering NotificationDaoImpl --->  InsertIntoNotiTracker,clOrdID,1.12706221928736E+019,,
INFO,27/06/2022 18,39,7.67,Insertion successful in NOTIFICATION_TRACKER,,,,
INFO,27/06/2022 18,39,7.67,Entering InsertIntoNotiTracker,clOrdID,1.12706221928736E+019,,
INFO,27/06/2022 18,39,39.611,Entering getNotificationDetail(),clOrdID,1178183924067,,
INFO,27/06/2022 18,39,39.612,Notification Message,[SOYABEAN`**05345111`3.0 MT`52.0 RS/QUINTAL,KISAN8,Quote,131]
INFO,27/06/2022 18,39,39.612,Response from getNotificationDetail,[Quote,USER,KISAN8,SOYABEAN`**05345111`3.0 MT`52.0 RS/QUINTAL
INFO,27/06/2022 18,39,39.612,Exiting getNotificationDetail(),clOrdID,1178183924067,,
INFO,27/06/2022 18,39,39.612,Entering NotificationDaoImpl --->  InsertIntoNotiTracker,clOrdID,1178183924067,,
INFO,27/06/2022 18,39,39.616,Insertion successful in NOTIFICATION_TRACKER,,,,
INFO,27/06/2022 18,39,39.616,Entering InsertIntoNotiTracker,clOrdID,1178183924067,,
INFO,27/06/2022 18,40,50.748,Entering getNotificationDetail(),clOrdID,1.12706221914965E+019,,
INFO,27/06/2022 18,40,50.75,Notification Message,[WHEAT`**04242111`1.0 MT`10.0 RS/QUINTALS,KS7,Bid,122]
INFO,27/06/2022 18,40,50.75,Response from getNotificationDetail,[Bid,USER,KS7,WHEAT`**04242111`1.0 MT`10.0 RS/QUINTALS
INFO,27/06/2022 18,40,50.75,Exiting getNotificationDetail(),clOrdID,1.12706221914965E+019,,
INFO,27/06/2022 18,40,50.75,Entering NotificationDaoImpl --->  InsertIntoNotiTracker,clOrdID,1.12706221914965E+019,,
INFO,27/06/2022 18,40,50.771,Insertion successful in NOTIFICATION_TRACKER,,,,
INFO,27/06/2022 18,40,50.771,Entering InsertIntoNotiTracker,clOrdID,1.12706221914965E+019,,
INFO,27/06/2022 18,41,2.23,Entering getNotificationDetail(),clOrdID,1.12706221913815E+019,,
INFO,27/06/2022 18,41,2.235,Notification Message,[WHEAT`**04271611`1.0 MT`10.0 RS/QUINTALS,KS7,Bid,122]
INFO,27/06/2022 18,41,2.235,Response from getNotificationDetail,[Bid,USER,KS7,WHEAT`**04271611`1.0 MT`10.0 RS/QUINTALS
INFO,27/06/2022 18,41,2.235,Exiting getNotificationDetail(),clOrdID,1.12706221913815E+019,,
INFO,27/06/2022 18,41,2.235,Entering NotificationDaoImpl --->  InsertIntoNotiTracker,clOrdID,1.12706221913815E+019,,
INFO,27/06/2022 18,41,2.263,Insertion successful in NOTIFICATION_TRACKER,,,,
INFO,27/06/2022 18,41,2.263,Entering InsertIntoNotiTracker,clOrdID,1.12706221913815E+019,,
INFO,27/06/2022 18,41,24.672,Entering getNotificationDetail(),clOrdID,1.12706221911586E+019,,
INFO,27/06/2022 18,41,24.675,Notification Message,[WHEAT`**05055317`1.0 MT`1.0 RS/QUINTALS,KS7,Bid,122]
INFO,27/06/2022 18,41,24.675,Response from getNotificationDetail,[Bid,USER,KS7,WHEAT`**05055317`1.0 MT`1.0 RS/QUINTALS
INFO,27/06/2022 18,41,24.675,Exiting getNotificationDetail(),clOrdID,1.12706221911586E+019,,
INFO,27/06/2022 18,41,24.675,Entering NotificationDaoImpl --->  InsertIntoNotiTracker,clOrdID,1.12706221911586E+019,,
INFO,27/06/2022 18,41,24.698,Insertion successful in NOTIFICATION_TRACKER,,,,
INFO,27/06/2022 18,41,24.698,Entering InsertIntoNotiTracker,clOrdID,1.12706221911586E+019,,
INFO,27/06/2022 18,41,31.439,Entering getNotificationDetail(),clOrdID,1.1270622191213E+019,,
INFO,27/06/2022 18,41,31.439,Notification Message,[AJWAIN`**06383213`10.0 MT`10.0 RS/QUINTAL,RG30,Bid,122]
INFO,27/06/2022 18,41,31.439,Response from getNotificationDetail,[Bid,USER,RG30,AJWAIN`**06383213`10.0 MT`10.0 RS/QUINTAL
INFO,27/06/2022 18,41,31.439,Exiting getNotificationDetail(),clOrdID,1.1270622191213E+019,,
INFO,27/06/2022 18,41,31.439,Entering NotificationDaoImpl --->  InsertIntoNotiTracker,clOrdID,1.1270622191213E+019,,
INFO,27/06/2022 18,41,31.447,Insertion successful in NOTIFICATION_TRACKER,,,,
INFO,27/06/2022 18,41,31.447,Entering InsertIntoNotiTracker,clOrdID,1.1270622191213E+019,,
INFO,27/06/2022 18,42,26.797,Entering getNotificationDetail(),clOrdID,1.1270622191213E+019,,
INFO,27/06/2022 18,42,26.798,Notification Message,[**85881082`**06383213`AJWAIN`1401267`TAC1401267`10.0 MT`10.0 RS/QUINTAL,RG28,Allocation Confirmed,124]
INFO,27/06/2022 18,42,26.798,Response from getNotificationDetail,[Allocation Confirmed,USER,RG28,**85881082`**06383213`AJWAIN`1401267`TAC1401267`10.0 MT`10.0 RS/QUINTAL
INFO,27/06/2022 18,42,26.798,Exiting getNotificationDetail(),clOrdID,1.1270622191213E+019,,
INFO,27/06/2022 18,42,26.798,Entering NotificationDaoImpl --->  InsertIntoNotiTracker,clOrdID,1.1270622191213E+019,,
INFO,27/06/2022 18,42,26.801,Insertion successful in NOTIFICATION_TRACKER,,,,
INFO,27/06/2022 18,42,26.801,Entering InsertIntoNotiTracker,clOrdID,1.1270622191213E+019,,
INFO,27/06/2022 18,44,45.896,Entering getNotificationDetail(),clOrdID,1.12706221893623E+019,,
INFO,27/06/2022 18,44,45.898,Notification Message,[**06442311`AJWAIN`10.0 MT`1.0 RS/QUINTAL,PVTM_AJWAIN,Offer,121]
INFO,27/06/2022 18,44,45.898,Response from getNotificationDetail,[Offer,TOPIC,PVTM_AJWAIN,**06442311`AJWAIN`10.0 MT`1.0 RS/QUINTAL
INFO,27/06/2022 18,44,45.898,Exiting getNotificationDetail(),clOrdID,1.12706221893623E+019,,
INFO,27/06/2022 18,44,45.898,Entering NotificationDaoImpl --->  InsertIntoNotiTracker,clOrdID,1.12706221893623E+019,,
INFO,27/06/2022 18,44,45.923,Insertion successful in NOTIFICATION_TRACKER,,,,
INFO,27/06/2022 18,44,45.923,Entering InsertIntoNotiTracker,clOrdID,1.12706221893623E+019,,
INFO,27/06/2022 18,47,13.43,Entering getNotificationDetail(),clOrdID,1.12706221893015E+019,,
INFO,27/06/2022 18,47,13.431,Notification Message,[**06442916`AJWAIN`10.0 MT`10.0 RS/QUINTAL,PVTM_AJWAIN,Offer,121]
INFO,27/06/2022 18,47,13.431,Response from getNotificationDetail,[Offer,TOPIC,PVTM_AJWAIN,**06442916`AJWAIN`10.0 MT`10.0 RS/QUINTAL
INFO,27/06/2022 18,47,13.431,Exiting getNotificationDetail(),clOrdID,1.12706221893015E+019,,
INFO,27/06/2022 18,47,13.431,Entering NotificationDaoImpl --->  InsertIntoNotiTracker,clOrdID,1.12706221893015E+019,,
INFO,27/06/2022 18,47,13.456,Insertion successful in NOTIFICATION_TRACKER,,,,
INFO,27/06/2022 18,47,13.456,Entering InsertIntoNotiTracker,clOrdID,1.12706221893015E+019,,
INFO,27/06/2022 18,48,3.812,Entering getNotificationDetail(),clOrdID,1.12706221871665E+019,,
INFO,27/06/2022 18,48,3.814,Notification Message,[AJWAIN`**06442311`2.0 MT`1.0 RS/QUINTAL,ZS17,Bid,122]
INFO,27/06/2022 18,48,3.814,Response from getNotificationDetail,[Bid,USER,ZS17,AJWAIN`**06442311`2.0 MT`1.0 RS/QUINTAL
INFO,27/06/2022 18,48,3.814,Exiting getNotificationDetail(),clOrdID,1.12706221871665E+019,,
INFO,27/06/2022 18,48,3.814,Entering NotificationDaoImpl --->  InsertIntoNotiTracker,clOrdID,1.12706221871665E+019,,
INFO,27/06/2022 18,48,3.818,Insertion successful in NOTIFICATION_TRACKER,,,,
INFO,27/06/2022 18,48,3.818,Entering InsertIntoNotiTracker,clOrdID,1.12706221871665E+019,,
INFO,27/06/2022 18,48,16.498,Entering getNotificationDetail(),clOrdID,1.12706221871665E+019,,
INFO,27/06/2022 18,48,16.499,Notification Message,[**62501086`**06442311`AJWAIN`1400992`TAC1400992`2.0 MT`1.0 RS/QUINTAL,ZK35,Allocation Confirmed,124]
INFO,27/06/2022 18,48,16.499,Response from getNotificationDetail,[Allocation Confirmed,USER,ZK35,**62501086`**06442311`AJWAIN`1400992`TAC1400992`2.0 MT`1.0 RS/QUINTAL
INFO,27/06/2022 18,48,16.499,Exiting getNotificationDetail(),clOrdID,1.12706221871665E+019,,
INFO,27/06/2022 18,48,16.499,Entering NotificationDaoImpl --->  InsertIntoNotiTracker,clOrdID,1.12706221871665E+019,,
INFO,27/06/2022 18,48,16.506,Insertion successful in NOTIFICATION_TRACKER,,,,
INFO,27/06/2022 18,48,16.506,Entering InsertIntoNotiTracker,clOrdID,1.12706221871665E+019,,
INFO,27/06/2022 18,49,54.852,Entering getNotificationDetail(),clOrdID,1.12506223058802E+019,,
INFO,27/06/2022 18,49,54.853,Notification Message,[**95001041`**03270811`ASHWAGANDHA`1400992`TAC1400992`36.0 MT`6.0 RS/QUINTAL,ZK17,Allocation Confirmed,133]
INFO,27/06/2022 18,49,54.853,Response from getNotificationDetail,[Allocation Confirmed,USER,ZK17,**95001041`**03270811`ASHWAGANDHA`1400992`TAC1400992`36.0 MT`6.0 RS/QUINTAL
INFO,27/06/2022 18,49,54.853,Exiting getNotificationDetail(),clOrdID,1.12506223058802E+019,,
INFO,27/06/2022 18,49,54.853,Entering NotificationDaoImpl --->  InsertIntoNotiTracker,clOrdID,1.12506223058802E+019,,
INFO,27/06/2022 18,49,54.903,Insertion successful in NOTIFICATION_TRACKER,,,,
INFO,27/06/2022 18,49,54.903,Entering InsertIntoNotiTracker,clOrdID,1.12506223058802E+019,,
INFO,27/06/2022 18,50,5.602,Entering getNotificationDetail(),clOrdID,1.12706221860852E+019,,
INFO,27/06/2022 18,50,5.603,Notification Message,[AJWAIN`**06442916`10.0 MT`10.0 RS/QUINTAL,RG30,Bid,122]
INFO,27/06/2022 18,50,5.603,Response from getNotificationDetail,[Bid,USER,RG30,AJWAIN`**06442916`10.0 MT`10.0 RS/QUINTAL
INFO,27/06/2022 18,50,5.603,Exiting getNotificationDetail(),clOrdID,1.12706221860852E+019,,
INFO,27/06/2022 18,50,5.603,Entering NotificationDaoImpl --->  InsertIntoNotiTracker,clOrdID,1.12706221860852E+019,,
INFO,27/06/2022 18,50,5.608,Insertion successful in NOTIFICATION_TRACKER,,,,
INFO,27/06/2022 18,50,5.608,Entering InsertIntoNotiTracker,clOrdID,1.12706221860852E+019,,
INFO,27/06/2022 18,52,58.74,Entering getNotificationDetail(),clOrdID,1178185258001,,
INFO,27/06/2022 18,52,58.74,Notification Message,[**20652583`SOYABEAN`10.0 MT`5.0 RS/QUINTAL,NMS_SOYABEAN,Offer,121]
INFO,27/06/2022 18,52,58.74,Response from getNotificationDetail,[Offer,TOPIC,NMS_SOYABEAN,**20652583`SOYABEAN`10.0 MT`5.0 RS/QUINTAL
INFO,27/06/2022 18,52,58.74,Exiting getNotificationDetail(),clOrdID,1178185258001,,
INFO,27/06/2022 18,52,58.741,Entering NotificationDaoImpl --->  InsertIntoNotiTracker,clOrdID,1178185258001,,
INFO,27/06/2022 18,52,58.746,Insertion successful in NOTIFICATION_TRACKER,,,,
INFO,27/06/2022 18,52,58.746,Entering InsertIntoNotiTracker,clOrdID,1178185258001,,
INFO,27/06/2022 18,56,24.42,Entering getNotificationDetail(),clOrdID,1178185624002,,
INFO,27/06/2022 18,56,24.421,Notification Message,[SOYABEAN`**05345111`25.0 MT`52.0 RS/QUINTAL,KISAN8,Quote,131]
INFO,27/06/2022 18,56,24.421,Response from getNotificationDetail,[Quote,USER,KISAN8,SOYABEAN`**05345111`25.0 MT`52.0 RS/QUINTAL
INFO,27/06/2022 18,56,24.421,Exiting getNotificationDetail(),clOrdID,1178185624002,,
INFO,27/06/2022 18,56,24.421,Entering NotificationDaoImpl --->  InsertIntoNotiTracker,clOrdID,1178185624002,,
INFO,27/06/2022 18,56,24.443,Insertion successful in NOTIFICATION_TRACKER,,,,
INFO,27/06/2022 18,56,24.443,Entering InsertIntoNotiTracker,clOrdID,1178185624002,,
INFO,27/06/2022 18,56,46.324,Entering getNotificationDetail(),clOrdID,1178185646004,,
INFO,27/06/2022 18,56,46.325,Notification Message,[SOYABEAN`**05330513`10.0 MT`52.0 RS/QUINTAL,KISAN8,Quote,131]
INFO,27/06/2022 18,56,46.325,Response from getNotificationDetail,[Quote,USER,KISAN8,SOYABEAN`**05330513`10.0 MT`52.0 RS/QUINTAL
INFO,27/06/2022 18,56,46.325,Exiting getNotificationDetail(),clOrdID,1178185646004,,
INFO,27/06/2022 18,56,46.325,Entering NotificationDaoImpl --->  InsertIntoNotiTracker,clOrdID,1178185646004,,
INFO,27/06/2022 18,56,46.332,Insertion successful in NOTIFICATION_TRACKER,,,,
INFO,27/06/2022 18,56,46.332,Entering InsertIntoNotiTracker,clOrdID,1178185646004,,
INFO,27/06/2022 18,57,24.116,Entering getNotificationDetail(),clOrdID,1178185723005,,
INFO,27/06/2022 18,57,24.117,Notification Message,[**20657236`SOYABEAN`100.0 MT`20.0 RS/QUINTAL,NMS_SOYABEAN,Offer,121]
INFO,27/06/2022 18,57,24.117,Response from getNotificationDetail,[Offer,TOPIC,NMS_SOYABEAN,**20657236`SOYABEAN`100.0 MT`20.0 RS/QUINTAL
INFO,27/06/2022 18,57,24.117,Exiting getNotificationDetail(),clOrdID,1178185723005,,
INFO,27/06/2022 18,57,24.118,Entering NotificationDaoImpl --->  InsertIntoNotiTracker,clOrdID,1178185723005,,
INFO,27/06/2022 18,57,24.125,Insertion successful in NOTIFICATION_TRACKER,,,,
INFO,27/06/2022 18,57,24.125,Entering InsertIntoNotiTracker,clOrdID,1178185723005,,
INFO,27/06/2022 18,57,30.079,Entering getNotificationDetail(),clOrdID,1.12706221860852E+019,,
INFO,27/06/2022 18,57,30.079,Notification Message,[**44261088`**06442916`AJWAIN`1401267`TAC1401267`10.0 MT`10.0 RS/QUINTAL,RG28,Allocation Confirmed,124]
INFO,27/06/2022 18,57,30.079,Response from getNotificationDetail,[Allocation Confirmed,USER,RG28,**44261088`**06442916`AJWAIN`1401267`TAC1401267`10.0 MT`10.0 RS/QUINTAL
INFO,27/06/2022 18,57,30.079,Exiting getNotificationDetail(),clOrdID,1.12706221860852E+019,,
INFO,27/06/2022 18,57,30.079,Entering NotificationDaoImpl --->  InsertIntoNotiTracker,clOrdID,1.12706221860852E+019,,
INFO,27/06/2022 18,57,30.083,Insertion successful in NOTIFICATION_TRACKER,,,,
INFO,27/06/2022 18,57,30.083,Entering InsertIntoNotiTracker,clOrdID,1.12706221860852E+019,,
INFO,27/06/2022 18,57,59.737,Entering getNotificationDetail(),clOrdID,1178185759006,,
INFO,27/06/2022 18,57,59.739,Notification Message,[SOYABEAN`**20657236`10.0 MT`20.0 RS/QUINTAL,KISAN5,Bid,122]
INFO,27/06/2022 18,57,59.739,Response from getNotificationDetail,[Bid,USER,KISAN5,SOYABEAN`**20657236`10.0 MT`20.0 RS/QUINTAL
INFO,27/06/2022 18,57,59.739,Exiting getNotificationDetail(),clOrdID,1178185759006,,
INFO,27/06/2022 18,57,59.739,Entering NotificationDaoImpl --->  InsertIntoNotiTracker,clOrdID,1178185759006,,
INFO,27/06/2022 18,57,59.749,Insertion successful in NOTIFICATION_TRACKER,,,,
INFO,27/06/2022 18,57,59.749,Entering InsertIntoNotiTracker,clOrdID,1178185759006,,
INFO,27/06/2022 18,58,10.823,Entering getNotificationDetail(),clOrdID,1.12706221860852E+019,,
INFO,27/06/2022 18,58,10.823,Notification Message,[**44261088`**06442916`AJWAIN`1401265`TAC1401265`10.0 MT`10.0 RS/QUINTAL,RG30,Confirmation Accepted,126]
INFO,27/06/2022 18,58,10.823,Response from getNotificationDetail,[Confirmation Accepted,USER,RG30,**44261088`**06442916`AJWAIN`1401265`TAC1401265`10.0 MT`10.0 RS/QUINTAL
INFO,27/06/2022 18,58,10.823,Exiting getNotificationDetail(),clOrdID,1.12706221860852E+019,,
INFO,27/06/2022 18,58,10.823,Entering NotificationDaoImpl --->  InsertIntoNotiTracker,clOrdID,1.12706221860852E+019,,
INFO,27/06/2022 18,58,10.828,Insertion successful in NOTIFICATION_TRACKER,,,,
INFO,27/06/2022 18,58,10.828,Entering InsertIntoNotiTracker,clOrdID,1.12706221860852E+019,,
INFO,27/06/2022 19,0,7.546,Entering getNotificationDetail(),clOrdID,1178185759006,,
INFO,27/06/2022 19,0,7.547,Notification Message,[**03231096`**20657236`SOYABEAN`1401541`TAC1401541`10.0 MT`20.0 RS/QUINTAL,KISAN6,Allocation Confirmed,124]
INFO,27/06/2022 19,0,7.547,Response from getNotificationDetail,[Allocation Confirmed,USER,KISAN6,**03231096`**20657236`SOYABEAN`1401541`TAC1401541`10.0 MT`20.0 RS/QUINTAL
INFO,27/06/2022 19,0,7.547,Exiting getNotificationDetail(),clOrdID,1178185759006,,
INFO,27/06/2022 19,0,7.547,Entering NotificationDaoImpl --->  InsertIntoNotiTracker,clOrdID,1178185759006,,
INFO,27/06/2022 19,0,7.555,Insertion successful in NOTIFICATION_TRACKER,,,,
INFO,27/06/2022 19,0,7.555,Entering InsertIntoNotiTracker,clOrdID,1178185759006,,
INFO,27/06/2022 19,10,49.252,Entering getNotificationDetail(),clOrdID,1178191049007,,
INFO,27/06/2022 19,10,49.252,Notification Message,[**20710499`WHEAT`5.0 MT`5.0 RS/QUINTALS,NMS_WHEAT,Offer,121]
INFO,27/06/2022 19,10,49.252,Response from getNotificationDetail,[Offer,TOPIC,NMS_WHEAT,**20710499`WHEAT`5.0 MT`5.0 RS/QUINTALS
INFO,27/06/2022 19,10,49.252,Exiting getNotificationDetail(),clOrdID,1178191049007,,
INFO,27/06/2022 19,10,49.253,Entering NotificationDaoImpl --->  InsertIntoNotiTracker,clOrdID,1178191049007,,
INFO,27/06/2022 19,10,49.255,Insertion successful in NOTIFICATION_TRACKER,,,,
INFO,27/06/2022 19,10,49.255,Entering InsertIntoNotiTracker,clOrdID,1178191049007,,
INFO,27/06/2022 19,12,17.425,Entering getNotificationDetail(),clOrdID,1178191217008,,
INFO,27/06/2022 19,12,17.426,Notification Message,[**07121712`SOYABEAN`42.0 MT`50.0 RS/QUINTAL,PVTM_SOYABEAN,Offer,121]
INFO,27/06/2022 19,12,17.426,Response from getNotificationDetail,[Offer,TOPIC,PVTM_SOYABEAN,**07121712`SOYABEAN`42.0 MT`50.0 RS/QUINTAL
INFO,27/06/2022 19,12,17.426,Exiting getNotificationDetail(),clOrdID,1178191217008,,
INFO,27/06/2022 19,12,17.426,Entering NotificationDaoImpl --->  InsertIntoNotiTracker,clOrdID,1178191217008,,
INFO,27/06/2022 19,12,17.429,Insertion successful in NOTIFICATION_TRACKER,,,,
INFO,27/06/2022 19,12,17.429,Entering InsertIntoNotiTracker,clOrdID,1178191217008,,
INFO,27/06/2022 19,14,57.031,Entering getNotificationDetail(),clOrdID,1178191456009,,
INFO,27/06/2022 19,14,57.032,Notification Message,[**07145615`WHEAT`10.0 MT`20.0 RS/QUINTALS,NMS_WHEAT,Offer,121]
INFO,27/06/2022 19,14,57.032,Response from getNotificationDetail,[Offer,TOPIC,NMS_WHEAT,**07145615`WHEAT`10.0 MT`20.0 RS/QUINTALS
INFO,27/06/2022 19,14,57.032,Exiting getNotificationDetail(),clOrdID,1178191456009,,
INFO,27/06/2022 19,14,57.032,Entering NotificationDaoImpl --->  InsertIntoNotiTracker,clOrdID,1178191456009,,
INFO,27/06/2022 19,14,57.041,Insertion successful in NOTIFICATION_TRACKER,,,,
INFO,27/06/2022 19,14,57.041,Entering InsertIntoNotiTracker,clOrdID,1178191456009,,
INFO,27/06/2022 19,17,16.05,Entering getNotificationDetail(),clOrdID,1.12706221696545E+019,,
INFO,27/06/2022 19,17,16.05,Notification Message,[SOYABEAN`**07121712`42.0 MT`50.0 RS/QUINTAL,U1401510,Bid,122]
INFO,27/06/2022 19,17,16.05,Response from getNotificationDetail,[Bid,USER,U1401510,SOYABEAN`**07121712`42.0 MT`50.0 RS/QUINTAL
INFO,27/06/2022 19,17,16.05,Exiting getNotificationDetail(),clOrdID,1.12706221696545E+019,,
INFO,27/06/2022 19,17,16.05,Entering NotificationDaoImpl --->  InsertIntoNotiTracker,clOrdID,1.12706221696545E+019,,
INFO,27/06/2022 19,17,16.057,Insertion successful in NOTIFICATION_TRACKER,,,,
INFO,27/06/2022 19,17,16.057,Entering InsertIntoNotiTracker,clOrdID,1.12706221696545E+019,,
INFO,27/06/2022 19,17,34.741,Entering getNotificationDetail(),clOrdID,1178191734011,,
INFO,27/06/2022 19,17,34.743,Notification Message,[**07173421`WHEAT`8.0 MT`5.0 RS/QUINTALS,NMS_WHEAT,Enquiry,130]
INFO,27/06/2022 19,17,34.743,Response from getNotificationDetail,[Enquiry,TOPIC,NMS_WHEAT,**07173421`WHEAT`8.0 MT`5.0 RS/QUINTALS
INFO,27/06/2022 19,17,34.743,Exiting getNotificationDetail(),clOrdID,1178191734011,,
INFO,27/06/2022 19,17,34.743,Entering NotificationDaoImpl --->  InsertIntoNotiTracker,clOrdID,1178191734011,,
INFO,27/06/2022 19,17,34.759,Insertion successful in NOTIFICATION_TRACKER,,,,
INFO,27/06/2022 19,17,34.76,Entering InsertIntoNotiTracker,clOrdID,1178191734011,,
INFO,27/06/2022 19,18,19.957,Entering getNotificationDetail(),clOrdID,1178191819012,,
INFO,27/06/2022 19,18,19.958,Notification Message,[WHEAT`**07173421`8.0 MT`5.0 RS/QUINTALS,KISAN20,Quote,131]
INFO,27/06/2022 19,18,19.958,Response from getNotificationDetail,[Quote,USER,KISAN20,WHEAT`**07173421`8.0 MT`5.0 RS/QUINTALS
INFO,27/06/2022 19,18,19.958,Exiting getNotificationDetail(),clOrdID,1178191819012,,
INFO,27/06/2022 19,18,19.958,Entering NotificationDaoImpl --->  InsertIntoNotiTracker,clOrdID,1178191819012,,
INFO,27/06/2022 19,18,19.967,Insertion successful in NOTIFICATION_TRACKER,,,,
INFO,27/06/2022 19,18,19.967,Entering InsertIntoNotiTracker,clOrdID,1178191819012,,
INFO,27/06/2022 19,24,52.103,Entering getNotificationDetail(),clOrdID,1178192452013,,
INFO,27/06/2022 19,24,52.104,Notification Message,[WHEAT`**07173421`8.0 MT`5.0 RS/QUINTALS,KISAN20,Quote,131]
INFO,27/06/2022 19,24,52.104,Response from getNotificationDetail,[Quote,USER,KISAN20,WHEAT`**07173421`8.0 MT`5.0 RS/QUINTALS
INFO,27/06/2022 19,24,52.104,Exiting getNotificationDetail(),clOrdID,1178192452013,,
INFO,27/06/2022 19,24,52.104,Entering NotificationDaoImpl --->  InsertIntoNotiTracker,clOrdID,1178192452013,,
INFO,27/06/2022 19,24,52.107,Insertion successful in NOTIFICATION_TRACKER,,,,
INFO,27/06/2022 19,24,52.107,Entering InsertIntoNotiTracker,clOrdID,1178192452013,,
